2026-03-09 18:43:27.346 [main] INFO  c.a.q.c.QuantityMeasurementController - QuantityMeasurementController initialized
2026-03-09 18:43:27.423 [main] INFO  c.a.q.c.QuantityMeasurementController - CONVERT    | 1.0 FEET => 12.0 INCHES
2026-03-09 18:43:27.449 [main] INFO  c.a.q.c.QuantityMeasurementController - QuantityMeasurementController initialized
2026-03-09 18:43:27.456 [main] ERROR c.a.q.c.QuantityMeasurementController - COMPARE    | ERROR Category mismatch
2026-03-09 18:43:27.459 [main] INFO  c.a.q.c.QuantityMeasurementController - QuantityMeasurementController initialized
2026-03-09 18:43:27.462 [main] INFO  c.a.q.c.QuantityMeasurementController - QuantityMeasurementController initialized
2026-03-09 18:43:27.466 [main] INFO  c.a.q.c.QuantityMeasurementController - DIVIDE     | 24.0 INCHES / 2.0 FEET => 1.0000 (dimensionless ratio)
2026-03-09 18:43:27.468 [main] INFO  c.a.q.c.QuantityMeasurementController - QuantityMeasurementController initialized
2026-03-09 18:43:27.472 [main] ERROR c.a.q.c.QuantityMeasurementController - CONVERT    | ERROR Category mismatch
2026-03-09 18:43:27.476 [main] INFO  c.a.q.c.QuantityMeasurementController - QuantityMeasurementController initialized
2026-03-09 18:43:27.477 [main] INFO  c.a.q.c.QuantityMeasurementController - ADD        | 1.0 FEET + 12.0 INCHES => 2.0 FEET
2026-03-09 18:43:27.480 [main] INFO  c.a.q.c.QuantityMeasurementController - QuantityMeasurementController initialized
2026-03-09 18:43:27.481 [main] INFO  c.a.q.c.QuantityMeasurementController - COMPARE    | 1.0 FEET == 12.0 INCHES => true
2026-03-09 18:43:27.485 [main] INFO  c.a.q.c.QuantityMeasurementController - QuantityMeasurementController initialized
2026-03-09 18:43:27.487 [main] ERROR c.a.q.c.QuantityMeasurementController - ADD        | ERROR Temperature does not support ADD
2026-03-09 18:43:27.489 [main] INFO  c.a.q.c.QuantityMeasurementController - QuantityMeasurementController initialized
2026-03-09 18:43:27.491 [main] INFO  c.a.q.c.QuantityMeasurementController - SUBTRACT   | 10.0 FEET - 6.0 INCHES => 9.5 FEET
2026-03-09 18:45:39.793 [main] INFO  c.a.q.util.ApplicationConfig - Loaded configuration from application.properties
2026-03-09 18:45:39.801 [main] INFO  c.a.q.r.QuantityMeasurementDatabaseRepository - Initializing QuantityMeasurementDatabaseRepository
2026-03-09 18:45:40.357 [main] INFO  c.a.q.util.ConnectionPool - ConnectionPool initialized with 2 connections (max 5)
2026-03-09 18:45:40.429 [main] INFO  c.a.q.r.QuantityMeasurementDatabaseRepository - Database schema initialized successfully
2026-03-09 18:45:40.430 [main] INFO  c.a.q.r.QuantityMeasurementDatabaseRepository - Database repository ready. ConnectionPool{total=2, active=0, available=2, max=5}
2026-03-09 18:45:40.431 [main] INFO  c.a.q.r.QuantityMeasurementDatabaseRepository - All measurements deleted from database
2026-03-09 18:45:40.442 [main] INFO  c.a.q.s.QuantityMeasurementServiceImpl - QuantityMeasurementServiceImpl initialized with QuantityMeasurementDatabaseRepository
2026-03-09 18:45:40.443 [main] INFO  c.a.q.c.QuantityMeasurementController - QuantityMeasurementController initialized
2026-03-09 18:45:40.498 [main] INFO  c.a.q.c.QuantityMeasurementController - COMPARE    | 1.0 FEET == 12.0 INCHES => true
2026-03-09 18:45:40.501 [main] INFO  c.a.q.c.QuantityMeasurementController - COMPARE    | 1.0 YARDS == 3.0 FEET => true
2026-03-09 18:45:40.505 [main] INFO  c.a.q.c.QuantityMeasurementController - ADD        | 1.0 FEET + 12.0 INCHES => 2.0 FEET
2026-03-09 18:45:40.522 [main] INFO  c.a.q.r.QuantityMeasurementDatabaseRepository - All measurements deleted from database
2026-03-09 18:45:40.522 [main] INFO  c.a.q.util.ConnectionPool - ConnectionPool shut down
2026-03-09 18:45:40.523 [main] INFO  c.a.q.r.QuantityMeasurementDatabaseRepository - Database repository resources released
2026-03-09 18:45:40.528 [main] INFO  c.a.q.r.QuantityMeasurementDatabaseRepository - Initializing QuantityMeasurementDatabaseRepository
2026-03-09 18:45:40.530 [main] INFO  c.a.q.util.ConnectionPool - ConnectionPool initialized with 2 connections (max 5)
2026-03-09 18:45:40.534 [main] INFO  c.a.q.r.QuantityMeasurementDatabaseRepository - Database schema initialized successfully
2026-03-09 18:45:40.534 [main] INFO  c.a.q.r.QuantityMeasurementDatabaseRepository - Database repository ready. ConnectionPool{total=2, active=0, available=2, max=5}
2026-03-09 18:45:40.535 [main] INFO  c.a.q.r.QuantityMeasurementDatabaseRepository - All measurements deleted from database
2026-03-09 18:45:40.536 [main] INFO  c.a.q.s.QuantityMeasurementServiceImpl - QuantityMeasurementServiceImpl initialized with QuantityMeasurementDatabaseRepository
2026-03-09 18:45:40.536 [main] INFO  c.a.q.c.QuantityMeasurementController - QuantityMeasurementController initialized
2026-03-09 18:45:40.545 [main] INFO  c.a.q.r.QuantityMeasurementDatabaseRepository - All measurements deleted from database
2026-03-09 18:45:40.546 [main] INFO  c.a.q.util.ConnectionPool - ConnectionPool shut down
2026-03-09 18:45:40.546 [main] INFO  c.a.q.r.QuantityMeasurementDatabaseRepository - Database repository resources released
2026-03-09 18:45:40.547 [main] INFO  c.a.q.r.QuantityMeasurementDatabaseRepository - Initializing QuantityMeasurementDatabaseRepository
2026-03-09 18:45:40.548 [main] INFO  c.a.q.util.ConnectionPool - ConnectionPool initialized with 2 connections (max 5)
2026-03-09 18:45:40.553 [main] INFO  c.a.q.r.QuantityMeasurementDatabaseRepository - Database schema initialized successfully
2026-03-09 18:45:40.554 [main] INFO  c.a.q.r.QuantityMeasurementDatabaseRepository - Database repository ready. ConnectionPool{total=2, active=0, available=2, max=5}
2026-03-09 18:45:40.554 [main] INFO  c.a.q.r.QuantityMeasurementDatabaseRepository - All measurements deleted from database
2026-03-09 18:45:40.556 [main] INFO  c.a.q.s.QuantityMeasurementServiceImpl - QuantityMeasurementServiceImpl initialized with QuantityMeasurementDatabaseRepository
2026-03-09 18:45:40.556 [main] INFO  c.a.q.c.QuantityMeasurementController - QuantityMeasurementController initialized
2026-03-09 18:45:40.557 [main] INFO  c.a.q.r.QuantityMeasurementDatabaseRepository - All measurements deleted from database
2026-03-09 18:45:40.557 [main] INFO  c.a.q.util.ConnectionPool - ConnectionPool shut down
2026-03-09 18:45:40.558 [main] INFO  c.a.q.r.QuantityMeasurementDatabaseRepository - Database repository resources released
2026-03-09 18:45:40.559 [main] INFO  c.a.q.r.QuantityMeasurementDatabaseRepository - Initializing QuantityMeasurementDatabaseRepository
2026-03-09 18:45:40.561 [main] INFO  c.a.q.util.ConnectionPool - ConnectionPool initialized with 2 connections (max 5)
2026-03-09 18:45:40.566 [main] INFO  c.a.q.r.QuantityMeasurementDatabaseRepository - Database schema initialized successfully
2026-03-09 18:45:40.566 [main] INFO  c.a.q.r.QuantityMeasurementDatabaseRepository - Database repository ready. ConnectionPool{total=2, active=0, available=2, max=5}
2026-03-09 18:45:40.567 [main] INFO  c.a.q.r.QuantityMeasurementDatabaseRepository - All measurements deleted from database
2026-03-09 18:45:40.567 [main] INFO  c.a.q.s.QuantityMeasurementServiceImpl - QuantityMeasurementServiceImpl initialized with QuantityMeasurementDatabaseRepository
2026-03-09 18:45:40.567 [main] INFO  c.a.q.c.QuantityMeasurementController - QuantityMeasurementController initialized
2026-03-09 18:45:40.579 [main] INFO  c.a.q.r.QuantityMeasurementDatabaseRepository - All measurements deleted from database
2026-03-09 18:45:40.580 [main] INFO  c.a.q.util.ConnectionPool - ConnectionPool shut down
2026-03-09 18:45:40.580 [main] INFO  c.a.q.r.QuantityMeasurementDatabaseRepository - Database repository resources released
2026-03-09 18:45:40.581 [main] INFO  c.a.q.r.QuantityMeasurementDatabaseRepository - Initializing QuantityMeasurementDatabaseRepository
2026-03-09 18:45:40.583 [main] INFO  c.a.q.util.ConnectionPool - ConnectionPool initialized with 2 connections (max 5)
2026-03-09 18:45:40.587 [main] INFO  c.a.q.r.QuantityMeasurementDatabaseRepository - Database schema initialized successfully
2026-03-09 18:45:40.587 [main] INFO  c.a.q.r.QuantityMeasurementDatabaseRepository - Database repository ready. ConnectionPool{total=2, active=0, available=2, max=5}
2026-03-09 18:45:40.588 [main] INFO  c.a.q.r.QuantityMeasurementDatabaseRepository - All measurements deleted from database
2026-03-09 18:45:40.589 [main] INFO  c.a.q.s.QuantityMeasurementServiceImpl - QuantityMeasurementServiceImpl initialized with QuantityMeasurementDatabaseRepository
2026-03-09 18:45:40.589 [main] INFO  c.a.q.c.QuantityMeasurementController - QuantityMeasurementController initialized
2026-03-09 18:45:40.593 [main] INFO  c.a.q.r.QuantityMeasurementDatabaseRepository - All measurements deleted from database
2026-03-09 18:45:40.594 [main] INFO  c.a.q.util.ConnectionPool - ConnectionPool shut down
2026-03-09 18:45:40.594 [main] INFO  c.a.q.r.QuantityMeasurementDatabaseRepository - Database repository resources released
2026-03-09 18:45:40.595 [main] INFO  c.a.q.r.QuantityMeasurementDatabaseRepository - Initializing QuantityMeasurementDatabaseRepository
2026-03-09 18:45:40.596 [main] INFO  c.a.q.util.ConnectionPool - ConnectionPool initialized with 2 connections (max 5)
2026-03-09 18:45:40.600 [main] INFO  c.a.q.r.QuantityMeasurementDatabaseRepository - Database schema initialized successfully
2026-03-09 18:45:40.600 [main] INFO  c.a.q.r.QuantityMeasurementDatabaseRepository - Database repository ready. ConnectionPool{total=2, active=0, available=2, max=5}
2026-03-09 18:45:40.601 [main] INFO  c.a.q.r.QuantityMeasurementDatabaseRepository - All measurements deleted from database
2026-03-09 18:45:40.601 [main] INFO  c.a.q.s.QuantityMeasurementServiceImpl - QuantityMeasurementServiceImpl initialized with QuantityMeasurementDatabaseRepository
2026-03-09 18:45:40.602 [main] INFO  c.a.q.c.QuantityMeasurementController - QuantityMeasurementController initialized
2026-03-09 18:45:40.605 [main] INFO  c.a.q.r.QuantityMeasurementCacheRepository - Initializing QuantityMeasurementCacheRepository
2026-03-09 18:45:40.627 [main] WARN  c.a.q.r.QuantityMeasurementCacheRepository - Could not load existing cache: writing aborted; java.io.NotSerializableException: com.quantitymeasurementapp.model.QuantityDTO
2026-03-09 18:45:40.628 [main] INFO  c.a.q.r.QuantityMeasurementDatabaseRepository - All measurements deleted from database
2026-03-09 18:45:40.629 [main] INFO  c.a.q.util.ConnectionPool - ConnectionPool shut down
2026-03-09 18:45:40.629 [main] INFO  c.a.q.r.QuantityMeasurementDatabaseRepository - Database repository resources released
2026-03-09 18:45:40.630 [main] INFO  c.a.q.r.QuantityMeasurementDatabaseRepository - Initializing QuantityMeasurementDatabaseRepository
2026-03-09 18:45:40.631 [main] INFO  c.a.q.util.ConnectionPool - ConnectionPool initialized with 2 connections (max 5)
2026-03-09 18:45:40.636 [main] INFO  c.a.q.r.QuantityMeasurementDatabaseRepository - Database schema initialized successfully
2026-03-09 18:45:40.637 [main] INFO  c.a.q.r.QuantityMeasurementDatabaseRepository - Database repository ready. ConnectionPool{total=2, active=0, available=2, max=5}
2026-03-09 18:45:40.637 [main] INFO  c.a.q.r.QuantityMeasurementDatabaseRepository - All measurements deleted from database
2026-03-09 18:45:40.638 [main] INFO  c.a.q.s.QuantityMeasurementServiceImpl - QuantityMeasurementServiceImpl initialized with QuantityMeasurementDatabaseRepository
2026-03-09 18:45:40.638 [main] INFO  c.a.q.c.QuantityMeasurementController - QuantityMeasurementController initialized
2026-03-09 18:45:40.640 [main] INFO  c.a.q.c.QuantityMeasurementController - COMPARE    | 1.0 FEET == 12.0 INCHES => true
2026-03-09 18:45:40.643 [main] INFO  c.a.q.c.QuantityMeasurementController - CONVERT    | 1.0 FEET => 12.0 INCHES
2026-03-09 18:45:40.645 [main] INFO  c.a.q.c.QuantityMeasurementController - ADD        | 1.0 FEET + 12.0 INCHES => 2.0 FEET
2026-03-09 18:45:40.647 [main] INFO  c.a.q.c.QuantityMeasurementController - SUBTRACT   | 10.0 FEET - 6.0 INCHES => 9.5 FEET
2026-03-09 18:45:40.654 [main] INFO  c.a.q.c.QuantityMeasurementController - DIVIDE     | 24.0 INCHES / 2.0 FEET => 1.0000 (dimensionless ratio)
2026-03-09 18:45:40.660 [main] INFO  c.a.q.r.QuantityMeasurementDatabaseRepository - All measurements deleted from database
2026-03-09 18:45:40.660 [main] INFO  c.a.q.util.ConnectionPool - ConnectionPool shut down
2026-03-09 18:45:40.660 [main] INFO  c.a.q.r.QuantityMeasurementDatabaseRepository - Database repository resources released
2026-03-09 18:45:40.661 [main] INFO  c.a.q.r.QuantityMeasurementDatabaseRepository - Initializing QuantityMeasurementDatabaseRepository
2026-03-09 18:45:40.663 [main] INFO  c.a.q.util.ConnectionPool - ConnectionPool initialized with 2 connections (max 5)
2026-03-09 18:45:40.666 [main] INFO  c.a.q.r.QuantityMeasurementDatabaseRepository - Database schema initialized successfully
2026-03-09 18:45:40.667 [main] INFO  c.a.q.r.QuantityMeasurementDatabaseRepository - Database repository ready. ConnectionPool{total=2, active=0, available=2, max=5}
2026-03-09 18:45:40.668 [main] INFO  c.a.q.r.QuantityMeasurementDatabaseRepository - All measurements deleted from database
2026-03-09 18:45:40.669 [main] INFO  c.a.q.s.QuantityMeasurementServiceImpl - QuantityMeasurementServiceImpl initialized with QuantityMeasurementDatabaseRepository
2026-03-09 18:45:40.669 [main] INFO  c.a.q.c.QuantityMeasurementController - QuantityMeasurementController initialized
2026-03-09 18:45:40.672 [main] INFO  c.a.q.c.QuantityMeasurementController - COMPARE    | 1.0 FEET == 12.0 INCHES => true
2026-03-09 18:45:40.674 [main] INFO  c.a.q.c.QuantityMeasurementController - ADD        | 1.0 FEET + 12.0 INCHES => 2.0 FEET
2026-03-09 18:45:40.677 [main] INFO  c.a.q.r.QuantityMeasurementDatabaseRepository - All measurements deleted from database
2026-03-09 18:45:40.678 [main] INFO  c.a.q.r.QuantityMeasurementDatabaseRepository - All measurements deleted from database
2026-03-09 18:45:40.679 [main] INFO  c.a.q.util.ConnectionPool - ConnectionPool shut down
2026-03-09 18:45:40.679 [main] INFO  c.a.q.r.QuantityMeasurementDatabaseRepository - Database repository resources released
2026-03-09 18:45:40.680 [main] INFO  c.a.q.r.QuantityMeasurementDatabaseRepository - Initializing QuantityMeasurementDatabaseRepository
2026-03-09 18:45:40.683 [main] INFO  c.a.q.util.ConnectionPool - ConnectionPool initialized with 2 connections (max 5)
2026-03-09 18:45:40.686 [main] INFO  c.a.q.r.QuantityMeasurementDatabaseRepository - Database schema initialized successfully
2026-03-09 18:45:40.687 [main] INFO  c.a.q.r.QuantityMeasurementDatabaseRepository - Database repository ready. ConnectionPool{total=2, active=0, available=2, max=5}
2026-03-09 18:45:40.687 [main] INFO  c.a.q.r.QuantityMeasurementDatabaseRepository - All measurements deleted from database
2026-03-09 18:45:40.688 [main] INFO  c.a.q.s.QuantityMeasurementServiceImpl - QuantityMeasurementServiceImpl initialized with QuantityMeasurementDatabaseRepository
2026-03-09 18:45:40.688 [main] INFO  c.a.q.c.QuantityMeasurementController - QuantityMeasurementController initialized
2026-03-09 18:45:40.690 [main] INFO  c.a.q.c.QuantityMeasurementController - COMPARE    | 1.0 FEET == 12.0 INCHES => true
2026-03-09 18:45:40.693 [main] INFO  c.a.q.c.QuantityMeasurementController - COMPARE    | 10.0 KILOGRAM == 10.0 KILOGRAM => true
2026-03-09 18:45:40.696 [main] INFO  c.a.q.c.QuantityMeasurementController - ADD        | 1.0 FEET + 12.0 INCHES => 2.0 FEET
2026-03-09 18:45:40.700 [main] INFO  c.a.q.r.QuantityMeasurementDatabaseRepository - All measurements deleted from database
2026-03-09 18:45:40.700 [main] INFO  c.a.q.util.ConnectionPool - ConnectionPool shut down
2026-03-09 18:45:40.701 [main] INFO  c.a.q.r.QuantityMeasurementDatabaseRepository - Database repository resources released
2026-03-09 18:45:40.702 [main] INFO  c.a.q.r.QuantityMeasurementDatabaseRepository - Initializing QuantityMeasurementDatabaseRepository
2026-03-09 18:45:40.704 [main] INFO  c.a.q.util.ConnectionPool - ConnectionPool initialized with 2 connections (max 5)
2026-03-09 18:45:40.707 [main] INFO  c.a.q.r.QuantityMeasurementDatabaseRepository - Database schema initialized successfully
2026-03-09 18:45:40.707 [main] INFO  c.a.q.r.QuantityMeasurementDatabaseRepository - Database repository ready. ConnectionPool{total=2, active=0, available=2, max=5}
2026-03-09 18:45:40.708 [main] INFO  c.a.q.r.QuantityMeasurementDatabaseRepository - All measurements deleted from database
2026-03-09 18:45:40.708 [main] INFO  c.a.q.s.QuantityMeasurementServiceImpl - QuantityMeasurementServiceImpl initialized with QuantityMeasurementDatabaseRepository
2026-03-09 18:45:40.708 [main] INFO  c.a.q.c.QuantityMeasurementController - QuantityMeasurementController initialized
2026-03-09 18:45:40.712 [main] INFO  c.a.q.c.QuantityMeasurementController - COMPARE    | 1.0 FEET == 12.0 INCHES => true
2026-03-09 18:45:40.713 [main] INFO  c.a.q.r.QuantityMeasurementDatabaseRepository - All measurements deleted from database
2026-03-09 18:45:40.714 [main] INFO  c.a.q.util.ConnectionPool - ConnectionPool shut down
2026-03-09 18:45:40.714 [main] INFO  c.a.q.r.QuantityMeasurementDatabaseRepository - Database repository resources released
2026-03-09 18:45:40.715 [main] INFO  c.a.q.r.QuantityMeasurementDatabaseRepository - Initializing QuantityMeasurementDatabaseRepository
2026-03-09 18:45:40.716 [main] INFO  c.a.q.util.ConnectionPool - ConnectionPool initialized with 2 connections (max 5)
2026-03-09 18:45:40.720 [main] INFO  c.a.q.r.QuantityMeasurementDatabaseRepository - Database schema initialized successfully
2026-03-09 18:45:40.721 [main] INFO  c.a.q.r.QuantityMeasurementDatabaseRepository - Database repository ready. ConnectionPool{total=2, active=0, available=2, max=5}
2026-03-09 18:45:40.722 [main] INFO  c.a.q.r.QuantityMeasurementDatabaseRepository - All measurements deleted from database
2026-03-09 18:45:40.723 [main] INFO  c.a.q.s.QuantityMeasurementServiceImpl - QuantityMeasurementServiceImpl initialized with QuantityMeasurementDatabaseRepository
2026-03-09 18:45:40.723 [main] INFO  c.a.q.c.QuantityMeasurementController - QuantityMeasurementController initialized
2026-03-09 18:45:40.724 [main] INFO  c.a.q.r.QuantityMeasurementDatabaseRepository - All measurements deleted from database
2026-03-09 18:45:40.724 [main] INFO  c.a.q.util.ConnectionPool - ConnectionPool shut down
2026-03-09 18:45:40.724 [main] INFO  c.a.q.r.QuantityMeasurementDatabaseRepository - Database repository resources released
2026-03-09 18:45:40.725 [main] INFO  c.a.q.r.QuantityMeasurementDatabaseRepository - Initializing QuantityMeasurementDatabaseRepository
2026-03-09 18:45:40.728 [main] INFO  c.a.q.util.ConnectionPool - ConnectionPool initialized with 2 connections (max 5)
2026-03-09 18:45:40.732 [main] INFO  c.a.q.r.QuantityMeasurementDatabaseRepository - Database schema initialized successfully
2026-03-09 18:45:40.732 [main] INFO  c.a.q.r.QuantityMeasurementDatabaseRepository - Database repository ready. ConnectionPool{total=2, active=0, available=2, max=5}
2026-03-09 18:45:40.733 [main] INFO  c.a.q.r.QuantityMeasurementDatabaseRepository - All measurements deleted from database
2026-03-09 18:45:40.733 [main] INFO  c.a.q.s.QuantityMeasurementServiceImpl - QuantityMeasurementServiceImpl initialized with QuantityMeasurementDatabaseRepository
2026-03-09 18:45:40.733 [main] INFO  c.a.q.c.QuantityMeasurementController - QuantityMeasurementController initialized
2026-03-09 18:45:40.734 [main] INFO  c.a.q.r.QuantityMeasurementDatabaseRepository - All measurements deleted from database
2026-03-09 18:45:40.734 [main] INFO  c.a.q.util.ConnectionPool - ConnectionPool shut down
2026-03-09 18:45:40.735 [main] INFO  c.a.q.r.QuantityMeasurementDatabaseRepository - Database repository resources released
2026-03-09 18:45:40.736 [main] INFO  c.a.q.r.QuantityMeasurementDatabaseRepository - Initializing QuantityMeasurementDatabaseRepository
2026-03-09 18:45:40.738 [main] INFO  c.a.q.util.ConnectionPool - ConnectionPool initialized with 2 connections (max 5)
2026-03-09 18:45:40.741 [main] INFO  c.a.q.r.QuantityMeasurementDatabaseRepository - Database schema initialized successfully
2026-03-09 18:45:40.742 [main] INFO  c.a.q.r.QuantityMeasurementDatabaseRepository - Database repository ready. ConnectionPool{total=2, active=0, available=2, max=5}
2026-03-09 18:45:40.742 [main] INFO  c.a.q.r.QuantityMeasurementDatabaseRepository - All measurements deleted from database
2026-03-09 18:45:40.743 [main] INFO  c.a.q.s.QuantityMeasurementServiceImpl - QuantityMeasurementServiceImpl initialized with QuantityMeasurementDatabaseRepository
2026-03-09 18:45:40.743 [main] INFO  c.a.q.c.QuantityMeasurementController - QuantityMeasurementController initialized
2026-03-09 18:45:40.749 [main] INFO  c.a.q.r.QuantityMeasurementDatabaseRepository - All measurements deleted from database
2026-03-09 18:45:40.749 [main] INFO  c.a.q.util.ConnectionPool - ConnectionPool shut down
2026-03-09 18:45:40.750 [main] INFO  c.a.q.r.QuantityMeasurementDatabaseRepository - Database repository resources released
2026-03-09 18:45:40.751 [main] INFO  c.a.q.r.QuantityMeasurementDatabaseRepository - Initializing QuantityMeasurementDatabaseRepository
2026-03-09 18:45:40.753 [main] INFO  c.a.q.util.ConnectionPool - ConnectionPool initialized with 2 connections (max 5)
2026-03-09 18:45:40.757 [main] INFO  c.a.q.r.QuantityMeasurementDatabaseRepository - Database schema initialized successfully
2026-03-09 18:45:40.758 [main] INFO  c.a.q.r.QuantityMeasurementDatabaseRepository - Database repository ready. ConnectionPool{total=2, active=0, available=2, max=5}
2026-03-09 18:45:40.758 [main] INFO  c.a.q.r.QuantityMeasurementDatabaseRepository - All measurements deleted from database
2026-03-09 18:45:40.758 [main] INFO  c.a.q.s.QuantityMeasurementServiceImpl - QuantityMeasurementServiceImpl initialized with QuantityMeasurementDatabaseRepository
2026-03-09 18:45:40.759 [main] INFO  c.a.q.c.QuantityMeasurementController - QuantityMeasurementController initialized
2026-03-09 18:45:40.763 [main] INFO  c.a.q.r.QuantityMeasurementDatabaseRepository - All measurements deleted from database
2026-03-09 18:45:40.763 [main] INFO  c.a.q.util.ConnectionPool - ConnectionPool shut down
2026-03-09 18:45:40.763 [main] INFO  c.a.q.r.QuantityMeasurementDatabaseRepository - Database repository resources released
2026-03-09 18:45:56.026 [main] INFO  c.a.q.util.ApplicationConfig - Loaded configuration from application.properties
2026-03-09 18:45:56.030 [main] INFO  c.a.q.r.QuantityMeasurementDatabaseRepository - Initializing QuantityMeasurementDatabaseRepository
2026-03-09 18:45:56.351 [main] INFO  c.a.q.util.ConnectionPool - ConnectionPool initialized with 2 connections (max 5)
2026-03-09 18:45:56.431 [main] INFO  c.a.q.r.QuantityMeasurementDatabaseRepository - Database schema initialized successfully
2026-03-09 18:45:56.432 [main] INFO  c.a.q.r.QuantityMeasurementDatabaseRepository - Database repository ready. ConnectionPool{total=2, active=0, available=2, max=5}
2026-03-09 18:45:56.434 [main] INFO  c.a.q.r.QuantityMeasurementDatabaseRepository - All measurements deleted from database
2026-03-09 18:45:56.500 [main] INFO  c.a.q.r.QuantityMeasurementDatabaseRepository - All measurements deleted from database
2026-03-09 18:45:56.501 [main] INFO  c.a.q.util.ConnectionPool - ConnectionPool shut down
2026-03-09 18:45:56.501 [main] INFO  c.a.q.r.QuantityMeasurementDatabaseRepository - Database repository resources released
2026-03-09 18:45:56.507 [main] INFO  c.a.q.r.QuantityMeasurementDatabaseRepository - Initializing QuantityMeasurementDatabaseRepository
2026-03-09 18:45:56.509 [main] INFO  c.a.q.util.ConnectionPool - ConnectionPool initialized with 2 connections (max 5)
2026-03-09 18:45:56.512 [main] INFO  c.a.q.r.QuantityMeasurementDatabaseRepository - Database schema initialized successfully
2026-03-09 18:45:56.513 [main] INFO  c.a.q.r.QuantityMeasurementDatabaseRepository - Database repository ready. ConnectionPool{total=2, active=0, available=2, max=5}
2026-03-09 18:45:56.513 [main] INFO  c.a.q.r.QuantityMeasurementDatabaseRepository - All measurements deleted from database
2026-03-09 18:45:56.519 [main] INFO  c.a.q.r.QuantityMeasurementDatabaseRepository - All measurements deleted from database
2026-03-09 18:45:56.519 [main] INFO  c.a.q.util.ConnectionPool - ConnectionPool shut down
2026-03-09 18:45:56.520 [main] INFO  c.a.q.r.QuantityMeasurementDatabaseRepository - Database repository resources released
2026-03-09 18:45:56.522 [main] INFO  c.a.q.r.QuantityMeasurementDatabaseRepository - Initializing QuantityMeasurementDatabaseRepository
2026-03-09 18:45:56.525 [main] INFO  c.a.q.util.ConnectionPool - ConnectionPool initialized with 2 connections (max 5)
2026-03-09 18:45:56.529 [main] INFO  c.a.q.r.QuantityMeasurementDatabaseRepository - Database schema initialized successfully
2026-03-09 18:45:56.529 [main] INFO  c.a.q.r.QuantityMeasurementDatabaseRepository - Database repository ready. ConnectionPool{total=2, active=0, available=2, max=5}
2026-03-09 18:45:56.530 [main] INFO  c.a.q.r.QuantityMeasurementDatabaseRepository - All measurements deleted from database
2026-03-09 18:45:56.530 [main] INFO  c.a.q.r.QuantityMeasurementDatabaseRepository - Initializing QuantityMeasurementDatabaseRepository
2026-03-09 18:45:56.531 [main] INFO  c.a.q.r.QuantityMeasurementDatabaseRepository - All measurements deleted from database
2026-03-09 18:45:56.532 [main] INFO  c.a.q.util.ConnectionPool - ConnectionPool shut down
2026-03-09 18:45:56.532 [main] INFO  c.a.q.r.QuantityMeasurementDatabaseRepository - Database repository resources released
2026-03-09 18:45:56.547 [main] INFO  c.a.q.r.QuantityMeasurementDatabaseRepository - Initializing QuantityMeasurementDatabaseRepository
2026-03-09 18:45:56.549 [main] INFO  c.a.q.util.ConnectionPool - ConnectionPool initialized with 2 connections (max 5)
2026-03-09 18:45:56.553 [main] INFO  c.a.q.r.QuantityMeasurementDatabaseRepository - Database schema initialized successfully
2026-03-09 18:45:56.554 [main] INFO  c.a.q.r.QuantityMeasurementDatabaseRepository - Database repository ready. ConnectionPool{total=2, active=0, available=2, max=5}
2026-03-09 18:45:56.554 [main] INFO  c.a.q.r.QuantityMeasurementDatabaseRepository - All measurements deleted from database
2026-03-09 18:45:56.559 [main] INFO  c.a.q.r.QuantityMeasurementDatabaseRepository - All measurements deleted from database
2026-03-09 18:45:56.561 [main] INFO  c.a.q.r.QuantityMeasurementDatabaseRepository - All measurements deleted from database
2026-03-09 18:45:56.561 [main] INFO  c.a.q.util.ConnectionPool - ConnectionPool shut down
2026-03-09 18:45:56.561 [main] INFO  c.a.q.r.QuantityMeasurementDatabaseRepository - Database repository resources released
2026-03-09 18:45:56.563 [main] INFO  c.a.q.r.QuantityMeasurementDatabaseRepository - Initializing QuantityMeasurementDatabaseRepository
2026-03-09 18:45:56.564 [main] INFO  c.a.q.util.ConnectionPool - ConnectionPool initialized with 2 connections (max 5)
2026-03-09 18:45:56.568 [main] INFO  c.a.q.r.QuantityMeasurementDatabaseRepository - Database schema initialized successfully
2026-03-09 18:45:56.568 [main] INFO  c.a.q.r.QuantityMeasurementDatabaseRepository - Database repository ready. ConnectionPool{total=2, active=0, available=2, max=5}
2026-03-09 18:45:56.569 [main] INFO  c.a.q.r.QuantityMeasurementDatabaseRepository - All measurements deleted from database
2026-03-09 18:45:56.571 [main] INFO  c.a.q.r.QuantityMeasurementDatabaseRepository - All measurements deleted from database
2026-03-09 18:45:56.571 [main] INFO  c.a.q.util.ConnectionPool - ConnectionPool shut down
2026-03-09 18:45:56.571 [main] INFO  c.a.q.r.QuantityMeasurementDatabaseRepository - Database repository resources released
2026-03-09 18:45:56.573 [main] INFO  c.a.q.r.QuantityMeasurementDatabaseRepository - Initializing QuantityMeasurementDatabaseRepository
2026-03-09 18:45:56.575 [main] INFO  c.a.q.util.ConnectionPool - ConnectionPool initialized with 2 connections (max 5)
2026-03-09 18:45:56.579 [main] INFO  c.a.q.r.QuantityMeasurementDatabaseRepository - Database schema initialized successfully
2026-03-09 18:45:56.580 [main] INFO  c.a.q.r.QuantityMeasurementDatabaseRepository - Database repository ready. ConnectionPool{total=2, active=0, available=2, max=5}
2026-03-09 18:45:56.581 [main] INFO  c.a.q.r.QuantityMeasurementDatabaseRepository - All measurements deleted from database
2026-03-09 18:45:56.586 [main] INFO  c.a.q.r.QuantityMeasurementDatabaseRepository - All measurements deleted from database
2026-03-09 18:45:56.586 [main] INFO  c.a.q.util.ConnectionPool - ConnectionPool shut down
2026-03-09 18:45:56.586 [main] INFO  c.a.q.r.QuantityMeasurementDatabaseRepository - Database repository resources released
2026-03-09 18:45:56.588 [main] INFO  c.a.q.r.QuantityMeasurementDatabaseRepository - Initializing QuantityMeasurementDatabaseRepository
2026-03-09 18:45:56.590 [main] INFO  c.a.q.util.ConnectionPool - ConnectionPool initialized with 2 connections (max 5)
2026-03-09 18:45:56.594 [main] INFO  c.a.q.r.QuantityMeasurementDatabaseRepository - Database schema initialized successfully
2026-03-09 18:45:56.594 [main] INFO  c.a.q.r.QuantityMeasurementDatabaseRepository - Database repository ready. ConnectionPool{total=2, active=0, available=2, max=5}
2026-03-09 18:45:56.596 [main] INFO  c.a.q.r.QuantityMeasurementDatabaseRepository - All measurements deleted from database
2026-03-09 18:45:56.597 [main] INFO  c.a.q.r.QuantityMeasurementDatabaseRepository - All measurements deleted from database
2026-03-09 18:45:56.597 [main] INFO  c.a.q.util.ConnectionPool - ConnectionPool shut down
2026-03-09 18:45:56.597 [main] INFO  c.a.q.r.QuantityMeasurementDatabaseRepository - Database repository resources released
2026-03-09 18:45:56.598 [main] INFO  c.a.q.r.QuantityMeasurementDatabaseRepository - Initializing QuantityMeasurementDatabaseRepository
2026-03-09 18:45:56.601 [main] INFO  c.a.q.util.ConnectionPool - ConnectionPool initialized with 2 connections (max 5)
2026-03-09 18:45:56.605 [main] INFO  c.a.q.r.QuantityMeasurementDatabaseRepository - Database schema initialized successfully
2026-03-09 18:45:56.605 [main] INFO  c.a.q.r.QuantityMeasurementDatabaseRepository - Database repository ready. ConnectionPool{total=2, active=0, available=2, max=5}
2026-03-09 18:45:56.606 [main] INFO  c.a.q.r.QuantityMeasurementDatabaseRepository - All measurements deleted from database
2026-03-09 18:45:56.621 [main] INFO  c.a.q.r.QuantityMeasurementDatabaseRepository - All measurements deleted from database
2026-03-09 18:45:56.621 [main] INFO  c.a.q.util.ConnectionPool - ConnectionPool shut down
2026-03-09 18:45:56.621 [main] INFO  c.a.q.r.QuantityMeasurementDatabaseRepository - Database repository resources released
2026-03-09 18:45:56.622 [main] INFO  c.a.q.r.QuantityMeasurementDatabaseRepository - Initializing QuantityMeasurementDatabaseRepository
2026-03-09 18:45:56.623 [main] INFO  c.a.q.util.ConnectionPool - ConnectionPool initialized with 2 connections (max 5)
2026-03-09 18:45:56.627 [main] INFO  c.a.q.r.QuantityMeasurementDatabaseRepository - Database schema initialized successfully
2026-03-09 18:45:56.627 [main] INFO  c.a.q.r.QuantityMeasurementDatabaseRepository - Database repository ready. ConnectionPool{total=2, active=0, available=2, max=5}
2026-03-09 18:45:56.627 [main] INFO  c.a.q.r.QuantityMeasurementDatabaseRepository - All measurements deleted from database
2026-03-09 18:45:56.636 [main] INFO  c.a.q.r.QuantityMeasurementDatabaseRepository - All measurements deleted from database
2026-03-09 18:45:56.636 [main] INFO  c.a.q.util.ConnectionPool - ConnectionPool shut down
2026-03-09 18:45:56.636 [main] INFO  c.a.q.r.QuantityMeasurementDatabaseRepository - Database repository resources released
2026-03-09 18:45:56.637 [main] INFO  c.a.q.r.QuantityMeasurementDatabaseRepository - Initializing QuantityMeasurementDatabaseRepository
2026-03-09 18:45:56.639 [main] INFO  c.a.q.util.ConnectionPool - ConnectionPool initialized with 2 connections (max 5)
2026-03-09 18:45:56.644 [main] INFO  c.a.q.r.QuantityMeasurementDatabaseRepository - Database schema initialized successfully
2026-03-09 18:45:56.644 [main] INFO  c.a.q.r.QuantityMeasurementDatabaseRepository - Database repository ready. ConnectionPool{total=2, active=0, available=2, max=5}
2026-03-09 18:45:56.644 [main] INFO  c.a.q.r.QuantityMeasurementDatabaseRepository - All measurements deleted from database
2026-03-09 18:45:56.655 [main] INFO  c.a.q.r.QuantityMeasurementDatabaseRepository - All measurements deleted from database
2026-03-09 18:45:56.656 [main] INFO  c.a.q.util.ConnectionPool - ConnectionPool shut down
2026-03-09 18:45:56.656 [main] INFO  c.a.q.r.QuantityMeasurementDatabaseRepository - Database repository resources released
2026-03-09 18:45:56.657 [main] INFO  c.a.q.r.QuantityMeasurementDatabaseRepository - Initializing QuantityMeasurementDatabaseRepository
2026-03-09 18:45:56.658 [main] INFO  c.a.q.util.ConnectionPool - ConnectionPool initialized with 2 connections (max 5)
2026-03-09 18:45:56.663 [main] INFO  c.a.q.r.QuantityMeasurementDatabaseRepository - Database schema initialized successfully
2026-03-09 18:45:56.663 [main] INFO  c.a.q.r.QuantityMeasurementDatabaseRepository - Database repository ready. ConnectionPool{total=2, active=0, available=2, max=5}
2026-03-09 18:45:56.665 [main] INFO  c.a.q.r.QuantityMeasurementDatabaseRepository - All measurements deleted from database
2026-03-09 18:45:56.670 [main] INFO  c.a.q.r.QuantityMeasurementDatabaseRepository - All measurements deleted from database
2026-03-09 18:45:56.671 [main] INFO  c.a.q.util.ConnectionPool - ConnectionPool shut down
2026-03-09 18:45:56.671 [main] INFO  c.a.q.r.QuantityMeasurementDatabaseRepository - Database repository resources released
2026-03-09 18:45:56.671 [main] INFO  c.a.q.r.QuantityMeasurementDatabaseRepository - Initializing QuantityMeasurementDatabaseRepository
2026-03-09 18:45:56.673 [main] INFO  c.a.q.util.ConnectionPool - ConnectionPool initialized with 2 connections (max 5)
2026-03-09 18:45:56.676 [main] INFO  c.a.q.r.QuantityMeasurementDatabaseRepository - Database schema initialized successfully
2026-03-09 18:45:56.676 [main] INFO  c.a.q.r.QuantityMeasurementDatabaseRepository - Database repository ready. ConnectionPool{total=2, active=0, available=2, max=5}
2026-03-09 18:45:56.677 [main] INFO  c.a.q.r.QuantityMeasurementDatabaseRepository - All measurements deleted from database
2026-03-09 18:45:56.713 [main] INFO  c.a.q.r.QuantityMeasurementDatabaseRepository - All measurements deleted from database
2026-03-09 18:45:56.713 [main] INFO  c.a.q.util.ConnectionPool - ConnectionPool shut down
2026-03-09 18:45:56.713 [main] INFO  c.a.q.r.QuantityMeasurementDatabaseRepository - Database repository resources released
2026-03-09 18:45:56.714 [main] INFO  c.a.q.r.QuantityMeasurementDatabaseRepository - Initializing QuantityMeasurementDatabaseRepository
2026-03-09 18:45:56.715 [main] INFO  c.a.q.util.ConnectionPool - ConnectionPool initialized with 2 connections (max 5)
2026-03-09 18:45:56.719 [main] INFO  c.a.q.r.QuantityMeasurementDatabaseRepository - Database schema initialized successfully
2026-03-09 18:45:56.719 [main] INFO  c.a.q.r.QuantityMeasurementDatabaseRepository - Database repository ready. ConnectionPool{total=2, active=0, available=2, max=5}
2026-03-09 18:45:56.720 [main] INFO  c.a.q.r.QuantityMeasurementDatabaseRepository - All measurements deleted from database
2026-03-09 18:45:56.728 [main] INFO  c.a.q.r.QuantityMeasurementDatabaseRepository - All measurements deleted from database
2026-03-09 18:45:56.728 [main] INFO  c.a.q.util.ConnectionPool - ConnectionPool shut down
2026-03-09 18:45:56.728 [main] INFO  c.a.q.r.QuantityMeasurementDatabaseRepository - Database repository resources released
2026-03-09 18:46:50.463 [main] INFO  c.a.q.util.ApplicationConfig - Loaded configuration from application.properties
2026-03-09 18:46:50.467 [main] INFO  c.a.q.r.QuantityMeasurementDatabaseRepository - Initializing QuantityMeasurementDatabaseRepository
2026-03-09 18:46:50.812 [main] INFO  c.a.q.util.ConnectionPool - ConnectionPool initialized with 2 connections (max 5)
2026-03-09 18:46:50.899 [main] INFO  c.a.q.r.QuantityMeasurementDatabaseRepository - Database schema initialized successfully
2026-03-09 18:46:50.900 [main] INFO  c.a.q.r.QuantityMeasurementDatabaseRepository - Database repository ready. ConnectionPool{total=2, active=0, available=2, max=5}
2026-03-09 18:46:50.902 [main] INFO  c.a.q.r.QuantityMeasurementDatabaseRepository - All measurements deleted from database
2026-03-09 18:46:50.960 [main] INFO  c.a.q.r.QuantityMeasurementDatabaseRepository - All measurements deleted from database
2026-03-09 18:46:50.961 [main] INFO  c.a.q.util.ConnectionPool - ConnectionPool shut down
2026-03-09 18:46:50.961 [main] INFO  c.a.q.r.QuantityMeasurementDatabaseRepository - Database repository resources released
2026-03-09 18:46:50.965 [main] INFO  c.a.q.r.QuantityMeasurementDatabaseRepository - Initializing QuantityMeasurementDatabaseRepository
2026-03-09 18:46:50.967 [main] INFO  c.a.q.util.ConnectionPool - ConnectionPool initialized with 2 connections (max 5)
2026-03-09 18:46:50.973 [main] INFO  c.a.q.r.QuantityMeasurementDatabaseRepository - Database schema initialized successfully
2026-03-09 18:46:50.974 [main] INFO  c.a.q.r.QuantityMeasurementDatabaseRepository - Database repository ready. ConnectionPool{total=2, active=0, available=2, max=5}
2026-03-09 18:46:50.975 [main] INFO  c.a.q.r.QuantityMeasurementDatabaseRepository - All measurements deleted from database
2026-03-09 18:46:50.980 [main] INFO  c.a.q.r.QuantityMeasurementDatabaseRepository - All measurements deleted from database
2026-03-09 18:46:50.981 [main] INFO  c.a.q.util.ConnectionPool - ConnectionPool shut down
2026-03-09 18:46:50.981 [main] INFO  c.a.q.r.QuantityMeasurementDatabaseRepository - Database repository resources released
2026-03-09 18:46:50.982 [main] INFO  c.a.q.r.QuantityMeasurementDatabaseRepository - Initializing QuantityMeasurementDatabaseRepository
2026-03-09 18:46:50.984 [main] INFO  c.a.q.util.ConnectionPool - ConnectionPool initialized with 2 connections (max 5)
2026-03-09 18:46:50.989 [main] INFO  c.a.q.r.QuantityMeasurementDatabaseRepository - Database schema initialized successfully
2026-03-09 18:46:50.991 [main] INFO  c.a.q.r.QuantityMeasurementDatabaseRepository - Database repository ready. ConnectionPool{total=2, active=0, available=2, max=5}
2026-03-09 18:46:50.992 [main] INFO  c.a.q.r.QuantityMeasurementDatabaseRepository - All measurements deleted from database
2026-03-09 18:46:50.993 [main] INFO  c.a.q.r.QuantityMeasurementDatabaseRepository - Initializing QuantityMeasurementDatabaseRepository
2026-03-09 18:46:50.994 [main] INFO  c.a.q.r.QuantityMeasurementDatabaseRepository - All measurements deleted from database
2026-03-09 18:46:50.995 [main] INFO  c.a.q.util.ConnectionPool - ConnectionPool shut down
2026-03-09 18:46:50.995 [main] INFO  c.a.q.r.QuantityMeasurementDatabaseRepository - Database repository resources released
2026-03-09 18:46:50.996 [main] INFO  c.a.q.r.QuantityMeasurementDatabaseRepository - Initializing QuantityMeasurementDatabaseRepository
2026-03-09 18:46:50.998 [main] INFO  c.a.q.util.ConnectionPool - ConnectionPool initialized with 2 connections (max 5)
2026-03-09 18:46:51.003 [main] INFO  c.a.q.r.QuantityMeasurementDatabaseRepository - Database schema initialized successfully
2026-03-09 18:46:51.004 [main] INFO  c.a.q.r.QuantityMeasurementDatabaseRepository - Database repository ready. ConnectionPool{total=2, active=0, available=2, max=5}
2026-03-09 18:46:51.005 [main] INFO  c.a.q.r.QuantityMeasurementDatabaseRepository - All measurements deleted from database
2026-03-09 18:46:51.011 [main] INFO  c.a.q.r.QuantityMeasurementDatabaseRepository - All measurements deleted from database
2026-03-09 18:46:51.012 [main] INFO  c.a.q.r.QuantityMeasurementDatabaseRepository - All measurements deleted from database
2026-03-09 18:46:51.012 [main] INFO  c.a.q.util.ConnectionPool - ConnectionPool shut down
2026-03-09 18:46:51.012 [main] INFO  c.a.q.r.QuantityMeasurementDatabaseRepository - Database repository resources released
2026-03-09 18:46:51.013 [main] INFO  c.a.q.r.QuantityMeasurementDatabaseRepository - Initializing QuantityMeasurementDatabaseRepository
2026-03-09 18:46:51.016 [main] INFO  c.a.q.util.ConnectionPool - ConnectionPool initialized with 2 connections (max 5)
2026-03-09 18:46:51.021 [main] INFO  c.a.q.r.QuantityMeasurementDatabaseRepository - Database schema initialized successfully
2026-03-09 18:46:51.021 [main] INFO  c.a.q.r.QuantityMeasurementDatabaseRepository - Database repository ready. ConnectionPool{total=2, active=0, available=2, max=5}
2026-03-09 18:46:51.022 [main] INFO  c.a.q.r.QuantityMeasurementDatabaseRepository - All measurements deleted from database
2026-03-09 18:46:51.023 [main] INFO  c.a.q.r.QuantityMeasurementDatabaseRepository - All measurements deleted from database
2026-03-09 18:46:51.024 [main] INFO  c.a.q.util.ConnectionPool - ConnectionPool shut down
2026-03-09 18:46:51.024 [main] INFO  c.a.q.r.QuantityMeasurementDatabaseRepository - Database repository resources released
2026-03-09 18:46:51.025 [main] INFO  c.a.q.r.QuantityMeasurementDatabaseRepository - Initializing QuantityMeasurementDatabaseRepository
2026-03-09 18:46:51.027 [main] INFO  c.a.q.util.ConnectionPool - ConnectionPool initialized with 2 connections (max 5)
2026-03-09 18:46:51.031 [main] INFO  c.a.q.r.QuantityMeasurementDatabaseRepository - Database schema initialized successfully
2026-03-09 18:46:51.031 [main] INFO  c.a.q.r.QuantityMeasurementDatabaseRepository - Database repository ready. ConnectionPool{total=2, active=0, available=2, max=5}
2026-03-09 18:46:51.032 [main] INFO  c.a.q.r.QuantityMeasurementDatabaseRepository - All measurements deleted from database
2026-03-09 18:46:51.037 [main] INFO  c.a.q.r.QuantityMeasurementDatabaseRepository - All measurements deleted from database
2026-03-09 18:46:51.038 [main] INFO  c.a.q.util.ConnectionPool - ConnectionPool shut down
2026-03-09 18:46:51.038 [main] INFO  c.a.q.r.QuantityMeasurementDatabaseRepository - Database repository resources released
2026-03-09 18:46:51.040 [main] INFO  c.a.q.r.QuantityMeasurementDatabaseRepository - Initializing QuantityMeasurementDatabaseRepository
2026-03-09 18:46:51.042 [main] INFO  c.a.q.util.ConnectionPool - ConnectionPool initialized with 2 connections (max 5)
2026-03-09 18:46:51.047 [main] INFO  c.a.q.r.QuantityMeasurementDatabaseRepository - Database schema initialized successfully
2026-03-09 18:46:51.047 [main] INFO  c.a.q.r.QuantityMeasurementDatabaseRepository - Database repository ready. ConnectionPool{total=2, active=0, available=2, max=5}
2026-03-09 18:46:51.048 [main] INFO  c.a.q.r.QuantityMeasurementDatabaseRepository - All measurements deleted from database
2026-03-09 18:46:51.050 [main] INFO  c.a.q.r.QuantityMeasurementDatabaseRepository - All measurements deleted from database
2026-03-09 18:46:51.050 [main] INFO  c.a.q.util.ConnectionPool - ConnectionPool shut down
2026-03-09 18:46:51.050 [main] INFO  c.a.q.r.QuantityMeasurementDatabaseRepository - Database repository resources released
2026-03-09 18:46:51.052 [main] INFO  c.a.q.r.QuantityMeasurementDatabaseRepository - Initializing QuantityMeasurementDatabaseRepository
2026-03-09 18:46:51.054 [main] INFO  c.a.q.util.ConnectionPool - ConnectionPool initialized with 2 connections (max 5)
2026-03-09 18:46:51.060 [main] INFO  c.a.q.r.QuantityMeasurementDatabaseRepository - Database schema initialized successfully
2026-03-09 18:46:51.061 [main] INFO  c.a.q.r.QuantityMeasurementDatabaseRepository - Database repository ready. ConnectionPool{total=2, active=0, available=2, max=5}
2026-03-09 18:46:51.063 [main] INFO  c.a.q.r.QuantityMeasurementDatabaseRepository - All measurements deleted from database
2026-03-09 18:46:51.082 [main] INFO  c.a.q.r.QuantityMeasurementDatabaseRepository - All measurements deleted from database
2026-03-09 18:46:51.082 [main] INFO  c.a.q.util.ConnectionPool - ConnectionPool shut down
2026-03-09 18:46:51.082 [main] INFO  c.a.q.r.QuantityMeasurementDatabaseRepository - Database repository resources released
2026-03-09 18:46:51.083 [main] INFO  c.a.q.r.QuantityMeasurementDatabaseRepository - Initializing QuantityMeasurementDatabaseRepository
2026-03-09 18:46:51.085 [main] INFO  c.a.q.util.ConnectionPool - ConnectionPool initialized with 2 connections (max 5)
2026-03-09 18:46:51.089 [main] INFO  c.a.q.r.QuantityMeasurementDatabaseRepository - Database schema initialized successfully
2026-03-09 18:46:51.089 [main] INFO  c.a.q.r.QuantityMeasurementDatabaseRepository - Database repository ready. ConnectionPool{total=2, active=0, available=2, max=5}
2026-03-09 18:46:51.091 [main] INFO  c.a.q.r.QuantityMeasurementDatabaseRepository - All measurements deleted from database
2026-03-09 18:46:51.102 [main] INFO  c.a.q.r.QuantityMeasurementDatabaseRepository - All measurements deleted from database
2026-03-09 18:46:51.102 [main] INFO  c.a.q.util.ConnectionPool - ConnectionPool shut down
2026-03-09 18:46:51.102 [main] INFO  c.a.q.r.QuantityMeasurementDatabaseRepository - Database repository resources released
2026-03-09 18:46:51.104 [main] INFO  c.a.q.r.QuantityMeasurementDatabaseRepository - Initializing QuantityMeasurementDatabaseRepository
2026-03-09 18:46:51.106 [main] INFO  c.a.q.util.ConnectionPool - ConnectionPool initialized with 2 connections (max 5)
2026-03-09 18:46:51.110 [main] INFO  c.a.q.r.QuantityMeasurementDatabaseRepository - Database schema initialized successfully
2026-03-09 18:46:51.111 [main] INFO  c.a.q.r.QuantityMeasurementDatabaseRepository - Database repository ready. ConnectionPool{total=2, active=0, available=2, max=5}
2026-03-09 18:46:51.111 [main] INFO  c.a.q.r.QuantityMeasurementDatabaseRepository - All measurements deleted from database
2026-03-09 18:46:51.121 [main] INFO  c.a.q.r.QuantityMeasurementDatabaseRepository - All measurements deleted from database
2026-03-09 18:46:51.122 [main] INFO  c.a.q.util.ConnectionPool - ConnectionPool shut down
2026-03-09 18:46:51.122 [main] INFO  c.a.q.r.QuantityMeasurementDatabaseRepository - Database repository resources released
2026-03-09 18:46:51.123 [main] INFO  c.a.q.r.QuantityMeasurementDatabaseRepository - Initializing QuantityMeasurementDatabaseRepository
2026-03-09 18:46:51.126 [main] INFO  c.a.q.util.ConnectionPool - ConnectionPool initialized with 2 connections (max 5)
2026-03-09 18:46:51.130 [main] INFO  c.a.q.r.QuantityMeasurementDatabaseRepository - Database schema initialized successfully
2026-03-09 18:46:51.130 [main] INFO  c.a.q.r.QuantityMeasurementDatabaseRepository - Database repository ready. ConnectionPool{total=2, active=0, available=2, max=5}
2026-03-09 18:46:51.131 [main] INFO  c.a.q.r.QuantityMeasurementDatabaseRepository - All measurements deleted from database
2026-03-09 18:46:51.137 [main] INFO  c.a.q.r.QuantityMeasurementDatabaseRepository - All measurements deleted from database
2026-03-09 18:46:51.137 [main] INFO  c.a.q.util.ConnectionPool - ConnectionPool shut down
2026-03-09 18:46:51.137 [main] INFO  c.a.q.r.QuantityMeasurementDatabaseRepository - Database repository resources released
2026-03-09 18:46:51.138 [main] INFO  c.a.q.r.QuantityMeasurementDatabaseRepository - Initializing QuantityMeasurementDatabaseRepository
2026-03-09 18:46:51.141 [main] INFO  c.a.q.util.ConnectionPool - ConnectionPool initialized with 2 connections (max 5)
2026-03-09 18:46:51.144 [main] INFO  c.a.q.r.QuantityMeasurementDatabaseRepository - Database schema initialized successfully
2026-03-09 18:46:51.145 [main] INFO  c.a.q.r.QuantityMeasurementDatabaseRepository - Database repository ready. ConnectionPool{total=2, active=0, available=2, max=5}
2026-03-09 18:46:51.146 [main] INFO  c.a.q.r.QuantityMeasurementDatabaseRepository - All measurements deleted from database
2026-03-09 18:46:51.181 [main] INFO  c.a.q.r.QuantityMeasurementDatabaseRepository - All measurements deleted from database
2026-03-09 18:46:51.183 [main] INFO  c.a.q.util.ConnectionPool - ConnectionPool shut down
2026-03-09 18:46:51.183 [main] INFO  c.a.q.r.QuantityMeasurementDatabaseRepository - Database repository resources released
2026-03-09 18:46:51.184 [main] INFO  c.a.q.r.QuantityMeasurementDatabaseRepository - Initializing QuantityMeasurementDatabaseRepository
2026-03-09 18:46:51.185 [main] INFO  c.a.q.util.ConnectionPool - ConnectionPool initialized with 2 connections (max 5)
2026-03-09 18:46:51.188 [main] INFO  c.a.q.r.QuantityMeasurementDatabaseRepository - Database schema initialized successfully
2026-03-09 18:46:51.189 [main] INFO  c.a.q.r.QuantityMeasurementDatabaseRepository - Database repository ready. ConnectionPool{total=2, active=0, available=2, max=5}
2026-03-09 18:46:51.190 [main] INFO  c.a.q.r.QuantityMeasurementDatabaseRepository - All measurements deleted from database
2026-03-09 18:46:51.199 [main] INFO  c.a.q.r.QuantityMeasurementDatabaseRepository - All measurements deleted from database
2026-03-09 18:46:51.199 [main] INFO  c.a.q.util.ConnectionPool - ConnectionPool shut down
2026-03-09 18:46:51.199 [main] INFO  c.a.q.r.QuantityMeasurementDatabaseRepository - Database repository resources released
2026-03-09 18:47:07.780 [main] INFO  c.a.q.s.QuantityMeasurementServiceImpl - QuantityMeasurementServiceImpl initialized with IQuantityMeasurementRepository$MockitoMock$elZiLlyg
2026-03-09 18:47:07.845 [main] INFO  c.a.q.s.QuantityMeasurementServiceImpl - QuantityMeasurementServiceImpl initialized with IQuantityMeasurementRepository$MockitoMock$elZiLlyg
2026-03-09 18:47:07.867 [main] INFO  c.a.q.s.QuantityMeasurementServiceImpl - QuantityMeasurementServiceImpl initialized with IQuantityMeasurementRepository$MockitoMock$elZiLlyg
2026-03-09 18:47:07.875 [main] INFO  c.a.q.s.QuantityMeasurementServiceImpl - QuantityMeasurementServiceImpl initialized with IQuantityMeasurementRepository$MockitoMock$elZiLlyg
2026-03-09 18:47:07.881 [main] INFO  c.a.q.s.QuantityMeasurementServiceImpl - QuantityMeasurementServiceImpl initialized with IQuantityMeasurementRepository$MockitoMock$elZiLlyg
2026-03-09 18:47:07.885 [main] INFO  c.a.q.s.QuantityMeasurementServiceImpl - QuantityMeasurementServiceImpl initialized with IQuantityMeasurementRepository$MockitoMock$elZiLlyg
2026-03-09 18:47:07.887 [main] INFO  c.a.q.s.QuantityMeasurementServiceImpl - QuantityMeasurementServiceImpl initialized with IQuantityMeasurementRepository$MockitoMock$elZiLlyg
2026-03-09 18:47:07.890 [main] INFO  c.a.q.s.QuantityMeasurementServiceImpl - QuantityMeasurementServiceImpl initialized with IQuantityMeasurementRepository$MockitoMock$elZiLlyg
2026-03-09 18:47:07.892 [main] INFO  c.a.q.s.QuantityMeasurementServiceImpl - QuantityMeasurementServiceImpl initialized with IQuantityMeasurementRepository$MockitoMock$elZiLlyg
2026-03-09 18:47:07.895 [main] INFO  c.a.q.s.QuantityMeasurementServiceImpl - QuantityMeasurementServiceImpl initialized with IQuantityMeasurementRepository$MockitoMock$elZiLlyg
2026-03-09 18:47:07.897 [main] INFO  c.a.q.s.QuantityMeasurementServiceImpl - QuantityMeasurementServiceImpl initialized with IQuantityMeasurementRepository$MockitoMock$elZiLlyg
2026-03-09 18:47:07.899 [main] INFO  c.a.q.s.QuantityMeasurementServiceImpl - QuantityMeasurementServiceImpl initialized with IQuantityMeasurementRepository$MockitoMock$elZiLlyg
2026-03-09 18:47:07.902 [main] INFO  c.a.q.s.QuantityMeasurementServiceImpl - QuantityMeasurementServiceImpl initialized with IQuantityMeasurementRepository$MockitoMock$elZiLlyg
2026-03-09 18:47:07.904 [main] INFO  c.a.q.s.QuantityMeasurementServiceImpl - QuantityMeasurementServiceImpl initialized with IQuantityMeasurementRepository$MockitoMock$elZiLlyg
2026-03-09 18:47:35.770 [main] INFO  c.a.q.util.ApplicationConfig - Loaded configuration from application.properties
2026-03-09 18:47:35.778 [main] INFO  c.a.q.a.QuantityMeasurementApp - Starting QuantityMeasurementApp v1.0-SNAPSHOT
2026-03-09 18:47:35.778 [main] INFO  c.a.q.a.QuantityMeasurementApp - Repository type: database
2026-03-09 18:47:35.780 [main] INFO  c.a.q.a.QuantityMeasurementApp - Creating QuantityMeasurementDatabaseRepository
2026-03-09 18:47:35.786 [main] INFO  c.a.q.r.QuantityMeasurementDatabaseRepository - Initializing QuantityMeasurementDatabaseRepository
2026-03-09 18:47:36.140 [main] INFO  c.a.q.util.ConnectionPool - ConnectionPool initialized with 5 connections (max 10)
2026-03-09 18:47:36.209 [main] INFO  c.a.q.r.QuantityMeasurementDatabaseRepository - Database schema initialized successfully
2026-03-09 18:47:36.209 [main] INFO  c.a.q.r.QuantityMeasurementDatabaseRepository - Database repository ready. ConnectionPool{total=5, active=0, available=5, max=10}
2026-03-09 18:47:36.217 [main] INFO  c.a.q.s.QuantityMeasurementServiceImpl - QuantityMeasurementServiceImpl initialized with QuantityMeasurementDatabaseRepository
2026-03-09 18:47:36.217 [main] INFO  c.a.q.c.QuantityMeasurementController - QuantityMeasurementController initialized
2026-03-09 18:47:36.217 [main] INFO  c.a.q.a.QuantityMeasurementApp - App initialized. Pool stats: ConnectionPool{total=5, active=0, available=5, max=10}
2026-03-09 18:47:36.217 [main] INFO  c.a.q.a.QuantityMeasurementApp - Length Equality
2026-03-09 18:47:36.275 [main] INFO  c.a.q.c.QuantityMeasurementController - COMPARE    | 1.0 FEET == 12.0 INCHES => true
2026-03-09 18:47:36.277 [main] INFO  c.a.q.c.QuantityMeasurementController - COMPARE    | 1.0 YARDS == 3.0 FEET => true
2026-03-09 18:47:36.279 [main] INFO  c.a.q.c.QuantityMeasurementController - COMPARE    | 2.0 FEET == 2.0 INCHES => false
2026-03-09 18:47:36.279 [main] INFO  c.a.q.a.QuantityMeasurementApp - Conversions
2026-03-09 18:47:36.284 [main] INFO  c.a.q.c.QuantityMeasurementController - CONVERT    | 1.0 FEET => 12.0 INCHES
2026-03-09 18:47:36.297 [main] INFO  c.a.q.c.QuantityMeasurementController - CONVERT    | 100.0 CELSIUS => 212.0 FAHRENHEIT
2026-03-09 18:47:36.299 [main] INFO  c.a.q.c.QuantityMeasurementController - CONVERT    | 0.0 CELSIUS => 273.15 KELVIN
2026-03-09 18:47:36.299 [main] INFO  c.a.q.a.QuantityMeasurementApp - Addition
2026-03-09 18:47:36.300 [main] INFO  c.a.q.c.QuantityMeasurementController - ADD        | 1.0 FEET + 12.0 INCHES => 2.0 FEET
2026-03-09 18:47:36.308 [main] INFO  c.a.q.c.QuantityMeasurementController - ADD        | 10.0 KILOGRAM + 5000.0 GRAM => 15.0 KILOGRAM
2026-03-09 18:47:36.313 [main] INFO  c.a.q.c.QuantityMeasurementController - ADD        | 1.0 LITRE + 500.0 MILLILITRE => 1.5 LITRE
2026-03-09 18:47:36.313 [main] INFO  c.a.q.a.QuantityMeasurementApp - Subtraction
2026-03-09 18:47:36.315 [main] INFO  c.a.q.c.QuantityMeasurementController - SUBTRACT   | 10.0 FEET - 6.0 INCHES => 9.5 FEET
2026-03-09 18:47:36.315 [main] INFO  c.a.q.a.QuantityMeasurementApp - Division
2026-03-09 18:47:36.326 [main] INFO  c.a.q.c.QuantityMeasurementController - DIVIDE     | 24.0 INCHES / 2.0 FEET => 1.0000 (dimensionless ratio)
2026-03-09 18:47:36.326 [main] INFO  c.a.q.a.QuantityMeasurementApp - Temperature Equality
2026-03-09 18:47:36.329 [main] INFO  c.a.q.c.QuantityMeasurementController - COMPARE    | 0.0 CELSIUS == 32.0 FAHRENHEIT => true
2026-03-09 18:47:36.333 [main] INFO  c.a.q.c.QuantityMeasurementController - COMPARE    | 100.0 CELSIUS == 212.0 FAHRENHEIT => true
2026-03-09 18:47:36.335 [main] INFO  c.a.q.c.QuantityMeasurementController - COMPARE    | 273.15 KELVIN == 0.0 CELSIUS => true
2026-03-09 18:47:36.335 [main] INFO  c.a.q.a.QuantityMeasurementApp - Temperature Addition Attempt
2026-03-09 18:47:36.342 [main] ERROR c.a.q.c.QuantityMeasurementController - ADD        | ERROR Temperature does not support ADD because temperature values are absolute points on a scale not additive quantities.
2026-03-09 18:47:36.342 [main] INFO  c.a.q.a.QuantityMeasurementApp - Cross Category Prevention
2026-03-09 18:47:36.356 [main] ERROR c.a.q.c.QuantityMeasurementController - ADD        | ERROR Cannot ADD different measurement categories: LENGTH vs WEIGHT
2026-03-09 18:47:36.379 [main] INFO  c.a.q.a.QuantityMeasurementApp - Total operations stored: 16
2026-03-09 18:47:36.382 [main] INFO  c.a.q.a.QuantityMeasurementApp - Pool stats: ConnectionPool{total=5, active=0, available=5, max=10}
2026-03-09 18:47:36.382 [main] INFO  c.a.q.a.QuantityMeasurementApp - Record: [2026-03-09T18:47:36.379361800] COMPARE      | QuantityDTO{value=2.0, unit=FEET (LENGTH)} == QuantityDTO{value=2.0, unit=INCHES (LENGTH)} => false
2026-03-09 18:47:36.384 [main] INFO  c.a.q.a.QuantityMeasurementApp - Record: [2026-03-09T18:47:36.379361800] COMPARE      | QuantityDTO{value=1.0, unit=YARDS (LENGTH)} == QuantityDTO{value=3.0, unit=FEET (LENGTH)} => true
2026-03-09 18:47:36.384 [main] INFO  c.a.q.a.QuantityMeasurementApp - Record: [2026-03-09T18:47:36.379361800] COMPARE      | QuantityDTO{value=1.0, unit=FEET (LENGTH)} == QuantityDTO{value=12.0, unit=INCHES (LENGTH)} => true
2026-03-09 18:47:36.401 [main] INFO  c.a.q.r.QuantityMeasurementDatabaseRepository - All measurements deleted from database
2026-03-09 18:47:36.409 [main] INFO  c.a.q.a.QuantityMeasurementApp - All measurements deleted. Total count: 0
2026-03-09 18:47:36.411 [main] INFO  c.a.q.util.ConnectionPool - ConnectionPool shut down
2026-03-09 18:47:36.411 [main] INFO  c.a.q.r.QuantityMeasurementDatabaseRepository - Database repository resources released
2026-03-09 18:47:36.411 [main] INFO  c.a.q.a.QuantityMeasurementApp - Resources released
2026-03-09 18:47:54.547 [main] INFO  c.a.q.util.ApplicationConfig - Loaded configuration from application.properties
2026-03-09 18:47:54.553 [main] INFO  c.a.q.a.QuantityMeasurementApp - Starting QuantityMeasurementApp v1.0-SNAPSHOT
2026-03-09 18:47:54.553 [main] INFO  c.a.q.a.QuantityMeasurementApp - Repository type: database
2026-03-09 18:47:54.553 [main] INFO  c.a.q.a.QuantityMeasurementApp - Creating QuantityMeasurementDatabaseRepository
2026-03-09 18:47:54.557 [main] INFO  c.a.q.r.QuantityMeasurementDatabaseRepository - Initializing QuantityMeasurementDatabaseRepository
2026-03-09 18:47:54.930 [main] INFO  c.a.q.util.ConnectionPool - ConnectionPool initialized with 5 connections (max 10)
2026-03-09 18:47:54.992 [main] INFO  c.a.q.r.QuantityMeasurementDatabaseRepository - Database schema initialized successfully
2026-03-09 18:47:54.995 [main] INFO  c.a.q.r.QuantityMeasurementDatabaseRepository - Database repository ready. ConnectionPool{total=5, active=0, available=5, max=10}
2026-03-09 18:47:54.999 [main] INFO  c.a.q.s.QuantityMeasurementServiceImpl - QuantityMeasurementServiceImpl initialized with QuantityMeasurementDatabaseRepository
2026-03-09 18:47:55.000 [main] INFO  c.a.q.c.QuantityMeasurementController - QuantityMeasurementController initialized
2026-03-09 18:47:55.001 [main] INFO  c.a.q.a.QuantityMeasurementApp - App initialized. Pool stats: ConnectionPool{total=5, active=0, available=5, max=10}
2026-03-09 18:47:55.001 [main] INFO  c.a.q.a.QuantityMeasurementApp - Length Equality
2026-03-09 18:47:55.060 [main] INFO  c.a.q.c.QuantityMeasurementController - COMPARE    | 1.0 FEET == 12.0 INCHES => true
2026-03-09 18:47:55.064 [main] INFO  c.a.q.c.QuantityMeasurementController - COMPARE    | 1.0 YARDS == 3.0 FEET => true
2026-03-09 18:47:55.066 [main] INFO  c.a.q.c.QuantityMeasurementController - COMPARE    | 2.0 FEET == 2.0 INCHES => false
2026-03-09 18:47:55.067 [main] INFO  c.a.q.a.QuantityMeasurementApp - Conversions
2026-03-09 18:47:55.069 [main] INFO  c.a.q.c.QuantityMeasurementController - CONVERT    | 1.0 FEET => 12.0 INCHES
2026-03-09 18:47:55.082 [main] INFO  c.a.q.c.QuantityMeasurementController - CONVERT    | 100.0 CELSIUS => 212.0 FAHRENHEIT
2026-03-09 18:47:55.085 [main] INFO  c.a.q.c.QuantityMeasurementController - CONVERT    | 0.0 CELSIUS => 273.15 KELVIN
2026-03-09 18:47:55.085 [main] INFO  c.a.q.a.QuantityMeasurementApp - Addition
2026-03-09 18:47:55.088 [main] INFO  c.a.q.c.QuantityMeasurementController - ADD        | 1.0 FEET + 12.0 INCHES => 2.0 FEET
2026-03-09 18:47:55.094 [main] INFO  c.a.q.c.QuantityMeasurementController - ADD        | 10.0 KILOGRAM + 5000.0 GRAM => 15.0 KILOGRAM
2026-03-09 18:47:55.099 [main] INFO  c.a.q.c.QuantityMeasurementController - ADD        | 1.0 LITRE + 500.0 MILLILITRE => 1.5 LITRE
2026-03-09 18:47:55.099 [main] INFO  c.a.q.a.QuantityMeasurementApp - Subtraction
2026-03-09 18:47:55.102 [main] INFO  c.a.q.c.QuantityMeasurementController - SUBTRACT   | 10.0 FEET - 6.0 INCHES => 9.5 FEET
2026-03-09 18:47:55.102 [main] INFO  c.a.q.a.QuantityMeasurementApp - Division
2026-03-09 18:47:55.109 [main] INFO  c.a.q.c.QuantityMeasurementController - DIVIDE     | 24.0 INCHES / 2.0 FEET => 1.0000 (dimensionless ratio)
2026-03-09 18:47:55.110 [main] INFO  c.a.q.a.QuantityMeasurementApp - Temperature Equality
2026-03-09 18:47:55.112 [main] INFO  c.a.q.c.QuantityMeasurementController - COMPARE    | 0.0 CELSIUS == 32.0 FAHRENHEIT => true
2026-03-09 18:47:55.114 [main] INFO  c.a.q.c.QuantityMeasurementController - COMPARE    | 100.0 CELSIUS == 212.0 FAHRENHEIT => true
2026-03-09 18:47:55.116 [main] INFO  c.a.q.c.QuantityMeasurementController - COMPARE    | 273.15 KELVIN == 0.0 CELSIUS => true
2026-03-09 18:47:55.117 [main] INFO  c.a.q.a.QuantityMeasurementApp - Temperature Addition Attempt
2026-03-09 18:47:55.118 [main] ERROR c.a.q.c.QuantityMeasurementController - ADD        | ERROR Temperature does not support ADD because temperature values are absolute points on a scale not additive quantities.
2026-03-09 18:47:55.119 [main] INFO  c.a.q.a.QuantityMeasurementApp - Cross Category Prevention
2026-03-09 18:47:55.129 [main] ERROR c.a.q.c.QuantityMeasurementController - ADD        | ERROR Cannot ADD different measurement categories: LENGTH vs WEIGHT
2026-03-09 18:47:55.146 [main] INFO  c.a.q.a.QuantityMeasurementApp - Total operations stored: 16
2026-03-09 18:47:55.146 [main] INFO  c.a.q.a.QuantityMeasurementApp - Pool stats: ConnectionPool{total=5, active=0, available=5, max=10}
2026-03-09 18:47:55.147 [main] INFO  c.a.q.a.QuantityMeasurementApp - Record: [2026-03-09T18:47:55.146369100] COMPARE      | QuantityDTO{value=2.0, unit=FEET (LENGTH)} == QuantityDTO{value=2.0, unit=INCHES (LENGTH)} => false
2026-03-09 18:47:55.147 [main] INFO  c.a.q.a.QuantityMeasurementApp - Record: [2026-03-09T18:47:55.146369100] COMPARE      | QuantityDTO{value=1.0, unit=YARDS (LENGTH)} == QuantityDTO{value=3.0, unit=FEET (LENGTH)} => true
2026-03-09 18:47:55.147 [main] INFO  c.a.q.a.QuantityMeasurementApp - Record: [2026-03-09T18:47:55.146369100] COMPARE      | QuantityDTO{value=1.0, unit=FEET (LENGTH)} == QuantityDTO{value=12.0, unit=INCHES (LENGTH)} => true
2026-03-09 18:47:55.158 [main] INFO  c.a.q.r.QuantityMeasurementDatabaseRepository - All measurements deleted from database
2026-03-09 18:47:55.164 [main] INFO  c.a.q.a.QuantityMeasurementApp - All measurements deleted. Total count: 0
2026-03-09 18:47:55.165 [main] INFO  c.a.q.util.ConnectionPool - ConnectionPool shut down
2026-03-09 18:47:55.165 [main] INFO  c.a.q.r.QuantityMeasurementDatabaseRepository - Database repository resources released
2026-03-09 18:47:55.165 [main] INFO  c.a.q.a.QuantityMeasurementApp - Resources released
